<?xml version="1.0" encoding="UTF-8"?>
<!-- Generated by org.testng.reporters.JUnitXMLReporter -->
<testsuite ignored="0" hostname="hp-PC" failures="0" tests="8" name="Default test" time="73.113" errors="0" timestamp="27 Jan 2020 20:03:35 GMT">
  <testcase classname="com.sample.test.pizzaorder.PizzaOrderTests" name="testSuccessPizzaOrders" time="2.576"/>
  <testcase classname="com.sample.test.pizzaorder.PizzaOrderTests" name="testSuccessPizzaOrders" time="1.295"/>
  <testcase classname="com.sample.test.pizzaorder.PizzaOrderTests" name="testSuccessPizzaOrders" time="0.942"/>
  <testcase classname="com.sample.test.pizzaorder.PizzaOrderTests" name="testSuccessPizzaOrders" time="0.888"/>
  <testcase classname="com.sample.test.pizzaorder.PizzaOrderTests" name="testSuccessPizzaOrders" time="0.953"/>
  <testcase classname="com.sample.test.pizzaorder.PizzaOrderTests" name="testFailedPizzaOrders" time="1.57"/>
  <testcase classname="com.sample.test.pizzaorder.PizzaOrderTests" name="testFailedPizzaOrders" time="0.827"/>
  <testcase classname="com.sample.test.pizzaorder.PizzaOrderTests" name="testFailedPizzaOrders" time="0.872"/>
</testsuite> <!-- Default test -->
