<?xml version="1.0" encoding="UTF-8"?>
<testng-results ignored="0" total="8" passed="8" failed="0" skipped="0">
  <reporter-output>
  </reporter-output>
  <suite started-at="2020-01-27T20:02:20Z" name="Default suite" finished-at="2020-01-27T20:03:33Z" duration-ms="73113">
    <groups>
    </groups>
    <test started-at="2020-01-27T20:02:20Z" name="Default test" finished-at="2020-01-27T20:03:33Z" duration-ms="73113">
      <class name="com.sample.test.pizzaorder.PizzaOrderTests">
        <test-method is-config="true" signature="init()[pri:0, instance:com.sample.test.pizzaorder.PizzaOrderTests@6973bf95]" started-at="2020-01-27T20:02:20Z" name="init" finished-at="2020-01-27T20:03:07Z" duration-ms="47325" status="PASS">
          <reporter-output>
          </reporter-output>
        </test-method> <!-- init -->
        <test-method is-config="true" signature="setUp()[pri:0, instance:com.sample.test.pizzaorder.PizzaOrderTests@6973bf95]" started-at="2020-01-27T20:03:07Z" name="setUp" finished-at="2020-01-27T20:03:23Z" duration-ms="15371" status="PASS">
          <reporter-output>
          </reporter-output>
        </test-method> <!-- setUp -->
        <test-method signature="testSuccessPizzaOrders(java.lang.String, java.lang.String, java.lang.String, java.lang.String, java.lang.String, java.lang.String, java.lang.String, java.lang.String)[pri:0, instance:com.sample.test.pizzaorder.PizzaOrderTests@6973bf95]" started-at="2020-01-27T20:03:23Z" name="testSuccessPizzaOrders" data-provider="testSuccessPizzaOrderData" finished-at="2020-01-27T20:03:26Z" duration-ms="2576" status="PASS">
          <params>
            <param index="0">
              <value>
                <![CDATA[Small 6 Slices - no toppings]]>
              </value>
            </param>
            <param index="1">
              <value>
                <![CDATA[]]>
              </value>
            </param>
            <param index="2">
              <value>
                <![CDATA[]]>
              </value>
            </param>
            <param index="3">
              <value>
                <![CDATA[1]]>
              </value>
            </param>
            <param index="4">
              <value>
                <![CDATA[John l]]>
              </value>
            </param>
            <param index="5">
              <value>
                <![CDATA[john.l@gmail.com]]>
              </value>
            </param>
            <param index="6">
              <value>
                <![CDATA[4567868678]]>
              </value>
            </param>
            <param index="7">
              <value>
                <![CDATA[Cash on Pickup]]>
              </value>
            </param>
          </params>
          <reporter-output>
          </reporter-output>
        </test-method> <!-- testSuccessPizzaOrders -->
        <test-method signature="testSuccessPizzaOrders(java.lang.String, java.lang.String, java.lang.String, java.lang.String, java.lang.String, java.lang.String, java.lang.String, java.lang.String)[pri:0, instance:com.sample.test.pizzaorder.PizzaOrderTests@6973bf95]" started-at="2020-01-27T20:03:26Z" name="testSuccessPizzaOrders" data-provider="testSuccessPizzaOrderData" finished-at="2020-01-27T20:03:27Z" duration-ms="1295" status="PASS">
          <params>
            <param index="0">
              <value>
                <![CDATA[Small 6 Slices - 1 topping]]>
              </value>
            </param>
            <param index="1">
              <value>
                <![CDATA[Diced Mango]]>
              </value>
            </param>
            <param index="2">
              <value>
                <![CDATA[]]>
              </value>
            </param>
            <param index="3">
              <value>
                <![CDATA[3]]>
              </value>
            </param>
            <param index="4">
              <value>
                <![CDATA[dereik m]]>
              </value>
            </param>
            <param index="5">
              <value>
                <![CDATA[dereik.m@yahoo.com]]>
              </value>
            </param>
            <param index="6">
              <value>
                <![CDATA[3458723489]]>
              </value>
            </param>
            <param index="7">
              <value>
                <![CDATA[Credit Card]]>
              </value>
            </param>
          </params>
          <reporter-output>
          </reporter-output>
        </test-method> <!-- testSuccessPizzaOrders -->
        <test-method signature="testSuccessPizzaOrders(java.lang.String, java.lang.String, java.lang.String, java.lang.String, java.lang.String, java.lang.String, java.lang.String, java.lang.String)[pri:0, instance:com.sample.test.pizzaorder.PizzaOrderTests@6973bf95]" started-at="2020-01-27T20:03:27Z" name="testSuccessPizzaOrders" data-provider="testSuccessPizzaOrderData" finished-at="2020-01-27T20:03:28Z" duration-ms="942" status="PASS">
          <params>
            <param index="0">
              <value>
                <![CDATA[Medium 8 Slices - 2 toppings]]>
              </value>
            </param>
            <param index="1">
              <value>
                <![CDATA[Olives]]>
              </value>
            </param>
            <param index="2">
              <value>
                <![CDATA[Mushrooms]]>
              </value>
            </param>
            <param index="3">
              <value>
                <![CDATA[3]]>
              </value>
            </param>
            <param index="4">
              <value>
                <![CDATA[sam j]]>
              </value>
            </param>
            <param index="5">
              <value>
                <![CDATA[sam.j@rediffmail.com]]>
              </value>
            </param>
            <param index="6">
              <value>
                <![CDATA[6763534576]]>
              </value>
            </param>
            <param index="7">
              <value>
                <![CDATA[Cash on Pickup]]>
              </value>
            </param>
          </params>
          <reporter-output>
          </reporter-output>
        </test-method> <!-- testSuccessPizzaOrders -->
        <test-method signature="testSuccessPizzaOrders(java.lang.String, java.lang.String, java.lang.String, java.lang.String, java.lang.String, java.lang.String, java.lang.String, java.lang.String)[pri:0, instance:com.sample.test.pizzaorder.PizzaOrderTests@6973bf95]" started-at="2020-01-27T20:03:28Z" name="testSuccessPizzaOrders" data-provider="testSuccessPizzaOrderData" finished-at="2020-01-27T20:03:29Z" duration-ms="888" status="PASS">
          <params>
            <param index="0">
              <value>
                <![CDATA[Large 10 Slices - no toppings]]>
              </value>
            </param>
            <param index="1">
              <value>
                <![CDATA[]]>
              </value>
            </param>
            <param index="2">
              <value>
                <![CDATA[]]>
              </value>
            </param>
            <param index="3">
              <value>
                <![CDATA[5]]>
              </value>
            </param>
            <param index="4">
              <value>
                <![CDATA[marty k]]>
              </value>
            </param>
            <param index="5">
              <value>
                <![CDATA[marty.king@gmail.com]]>
              </value>
            </param>
            <param index="6">
              <value>
                <![CDATA[9878423455]]>
              </value>
            </param>
            <param index="7">
              <value>
                <![CDATA[Credit Card]]>
              </value>
            </param>
          </params>
          <reporter-output>
          </reporter-output>
        </test-method> <!-- testSuccessPizzaOrders -->
        <test-method signature="testSuccessPizzaOrders(java.lang.String, java.lang.String, java.lang.String, java.lang.String, java.lang.String, java.lang.String, java.lang.String, java.lang.String)[pri:0, instance:com.sample.test.pizzaorder.PizzaOrderTests@6973bf95]" started-at="2020-01-27T20:03:29Z" name="testSuccessPizzaOrders" data-provider="testSuccessPizzaOrderData" finished-at="2020-01-27T20:03:30Z" duration-ms="953" status="PASS">
          <params>
            <param index="0">
              <value>
                <![CDATA[Large 10 Slices - 2 toppings]]>
              </value>
            </param>
            <param index="1">
              <value>
                <![CDATA[Caramelized onions]]>
              </value>
            </param>
            <param index="2">
              <value>
                <![CDATA[Classic Pepperoni]]>
              </value>
            </param>
            <param index="3">
              <value>
                <![CDATA[5]]>
              </value>
            </param>
            <param index="4">
              <value>
                <![CDATA[cameron p]]>
              </value>
            </param>
            <param index="5">
              <value>
                <![CDATA[cameron.p@yahoo.com]]>
              </value>
            </param>
            <param index="6">
              <value>
                <![CDATA[6757687834]]>
              </value>
            </param>
            <param index="7">
              <value>
                <![CDATA[Cash on Pickup]]>
              </value>
            </param>
          </params>
          <reporter-output>
          </reporter-output>
        </test-method> <!-- testSuccessPizzaOrders -->
        <test-method signature="testFailedPizzaOrders(java.lang.String, java.lang.String, java.lang.String, java.lang.String, java.lang.String, java.lang.String, java.lang.String, java.lang.String)[pri:1, instance:com.sample.test.pizzaorder.PizzaOrderTests@6973bf95]" started-at="2020-01-27T20:03:30Z" name="testFailedPizzaOrders" data-provider="testFailedPizzaOrderData" finished-at="2020-01-27T20:03:31Z" duration-ms="1570" status="PASS">
          <params>
            <param index="0">
              <value>
                <![CDATA[Medium 8 Slices - 2 toppings]]>
              </value>
            </param>
            <param index="1">
              <value>
                <![CDATA[Olives]]>
              </value>
            </param>
            <param index="2">
              <value>
                <![CDATA[Mushrooms]]>
              </value>
            </param>
            <param index="3">
              <value>
                <![CDATA[3]]>
              </value>
            </param>
            <param index="4">
              <value>
                <![CDATA[]]>
              </value>
            </param>
            <param index="5">
              <value>
                <![CDATA[sam.j@rediffmail.com]]>
              </value>
            </param>
            <param index="6">
              <value>
                <![CDATA[6763534576]]>
              </value>
            </param>
            <param index="7">
              <value>
                <![CDATA[Cash on Pickup]]>
              </value>
            </param>
          </params>
          <reporter-output>
          </reporter-output>
        </test-method> <!-- testFailedPizzaOrders -->
        <test-method signature="testFailedPizzaOrders(java.lang.String, java.lang.String, java.lang.String, java.lang.String, java.lang.String, java.lang.String, java.lang.String, java.lang.String)[pri:1, instance:com.sample.test.pizzaorder.PizzaOrderTests@6973bf95]" started-at="2020-01-27T20:03:31Z" name="testFailedPizzaOrders" data-provider="testFailedPizzaOrderData" finished-at="2020-01-27T20:03:32Z" duration-ms="827" status="PASS">
          <params>
            <param index="0">
              <value>
                <![CDATA[Large 10 Slices - no toppings]]>
              </value>
            </param>
            <param index="1">
              <value>
                <![CDATA[]]>
              </value>
            </param>
            <param index="2">
              <value>
                <![CDATA[]]>
              </value>
            </param>
            <param index="3">
              <value>
                <![CDATA[5]]>
              </value>
            </param>
            <param index="4">
              <value>
                <![CDATA[marty k]]>
              </value>
            </param>
            <param index="5">
              <value>
                <![CDATA[marty.king@gmail.com]]>
              </value>
            </param>
            <param index="6">
              <value>
                <![CDATA[]]>
              </value>
            </param>
            <param index="7">
              <value>
                <![CDATA[Credit Card]]>
              </value>
            </param>
          </params>
          <reporter-output>
          </reporter-output>
        </test-method> <!-- testFailedPizzaOrders -->
        <test-method signature="testFailedPizzaOrders(java.lang.String, java.lang.String, java.lang.String, java.lang.String, java.lang.String, java.lang.String, java.lang.String, java.lang.String)[pri:1, instance:com.sample.test.pizzaorder.PizzaOrderTests@6973bf95]" started-at="2020-01-27T20:03:32Z" name="testFailedPizzaOrders" data-provider="testFailedPizzaOrderData" finished-at="2020-01-27T20:03:33Z" duration-ms="872" status="PASS">
          <params>
            <param index="0">
              <value>
                <![CDATA[Large 10 Slices - 2 toppings]]>
              </value>
            </param>
            <param index="1">
              <value>
                <![CDATA[Caramelized onions]]>
              </value>
            </param>
            <param index="2">
              <value>
                <![CDATA[Classic Pepperoni]]>
              </value>
            </param>
            <param index="3">
              <value>
                <![CDATA[5]]>
              </value>
            </param>
            <param index="4">
              <value>
                <![CDATA[]]>
              </value>
            </param>
            <param index="5">
              <value>
                <![CDATA[cameron.p@yahoo.com]]>
              </value>
            </param>
            <param index="6">
              <value>
                <![CDATA[]]>
              </value>
            </param>
            <param index="7">
              <value>
                <![CDATA[Cash on Pickup]]>
              </value>
            </param>
          </params>
          <reporter-output>
          </reporter-output>
        </test-method> <!-- testFailedPizzaOrders -->
        <test-method is-config="true" signature="tearDown()[pri:0, instance:com.sample.test.pizzaorder.PizzaOrderTests@6973bf95]" started-at="2020-01-27T20:03:33Z" name="tearDown" finished-at="2020-01-27T20:03:33Z" duration-ms="0" status="PASS">
          <reporter-output>
          </reporter-output>
        </test-method> <!-- tearDown -->
      </class> <!-- com.sample.test.pizzaorder.PizzaOrderTests -->
    </test> <!-- Default test -->
  </suite> <!-- Default suite -->
</testng-results>
